<!DOCTYPE html PUBLIC "-//W3C//DTD XHTML 1.1//EN" "https://www.w3.org/TR/xhtml11/DTD/xhtml11.dtd">
<html xmlns="https://www.w3.org/1999/xhtml">
<head>
<meta http-equiv="content-type" content="text/html; charset=UTF-8"/>
<title>TestNG Report</title>
<style type="text/css">table {margin-bottom:10px;border-collapse:collapse;empty-cells:show}th,td {border:1px solid #009;padding:.25em .5em}th {vertical-align:bottom}td {vertical-align:top}table a {font-weight:bold}.stripe td {background-color: #E6EBF9}.num {text-align:right}.passedodd td {background-color: #3F3}.passedeven td {background-color: #0A0}.skippedodd td {background-color: #DDD}.skippedeven td {background-color: #CCC}.failedodd td,.attn {background-color: #F33}.failedeven td,.stripe .attn {background-color: #D00}.stacktrace {white-space:pre;font-family:monospace}.totop {font-size:85%;text-align:center;border-bottom:2px solid #000}.invisible {display:none}</style>
</head>
<body>
<table>
<tr><th>Test</th><th># Passed</th><th># Skipped</th><th># Retried</th><th># Failed</th><th>Time (ms)</th><th>Included Groups</th><th>Excluded Groups</th></tr>
<tr><th colspan="8">Suite</th></tr>
<tr><td><a href="#t0">Login Error Vlidatiobs</a></td><td class="num">2</td><td class="num">0</td><td class="num">0</td><td class="num">0</td><td class="num">29,815</td><td></td><td></td></tr>
<tr class="stripe"><td><a href="#t1">End to End Test</a></td><td class="num">1</td><td class="num">0</td><td class="num attn">3</td><td class="num attn">3</td><td class="num">133,760</td><td></td><td></td></tr>
<tr><th>Total</th><th class="num">3</th><th class="num">0</th><th class="num attn">3</th><th class="num attn">3</th><th class="num">163,575</th><th colspan="2"></th></tr>
</table>
<table id='summary'><thead><tr><th>Class</th><th>Method</th><th>Start</th><th>Time (ms)</th></tr></thead><tbody><tr><th colspan="4">Suite</th></tr></tbody><tbody id="t0"><tr><th colspan="4">Login Error Vlidatiobs &#8212; passed</th></tr><tr class="passedeven"><td rowspan="2">Kane.SeleniumJavaFramework.tests.ErrorValidationsTest</td><td><a href="#m0">incorrectEmailPasswordErrorValidation</a></td><td rowspan="1">1740308489598</td><td rowspan="1">3966</td></tr><tr class="passedeven"><td><a href="#m1">invalidEmailValidation</a></td><td rowspan="1">1740308503385</td><td rowspan="1">2547</td></tr></tbody>
<tbody id="t1"><tr><th colspan="4">End to End Test &#8212; failed</th></tr><tr class="failedeven"><td rowspan="3">Kane.SeleniumJavaFramework.tests.SubmitOrderTest</td><td><a href="#m2">endToendTest</a></td><td rowspan="3">1740308586910</td><td rowspan="3">3523</td></tr><tr class="failedeven"><td><a href="#m3">endToendTest</a></td></tr><tr class="failedeven"><td><a href="#m4">endToendTest</a></td></tr><tr><th colspan="4">End to End Test &#8212; retried</th></tr><tr class="retriedeven"><td rowspan="3">Kane.SeleniumJavaFramework.tests.SubmitOrderTest</td><td><a href="#m5">endToendTest</a></td><td rowspan="3">1740308573614</td><td rowspan="3">6063</td></tr><tr class="retriedeven"><td><a href="#m6">endToendTest</a></td></tr><tr class="retriedeven"><td><a href="#m7">endToendTest</a></td></tr><tr><th colspan="4">End to End Test &#8212; passed</th></tr><tr class="passedeven"><td rowspan="1">Kane.SeleniumJavaFramework.tests.SubmitOrderTest</td><td><a href="#m8">endToendTest</a></td><td rowspan="1">1740308599266</td><td rowspan="1">10006</td></tr></tbody>
</table>
<h2>Login Error Vlidatiobs</h2><h3 id="m0">Kane.SeleniumJavaFramework.tests.ErrorValidationsTest#incorrectEmailPasswordErrorValidation</h3><table class="result"><tr><th class="invisible"/></tr></table><p class="totop"><a href="#summary">back to summary</a></p>
<h3 id="m1">Kane.SeleniumJavaFramework.tests.ErrorValidationsTest#invalidEmailValidation</h3><table class="result"><tr><th class="invisible"/></tr></table><p class="totop"><a href="#summary">back to summary</a></p>
<h2>End to End Test</h2><h3 id="m2">Kane.SeleniumJavaFramework.tests.SubmitOrderTest#endToendTest</h3><table class="result"><tr class="param"><th>Parameter #1</th></tr><tr class="param stripe"><td>{productname=QWERTY, password=Kane@1213, email=Kane@gmail.com}</td></tr><tr><th>Exception</th></tr><tr><td><div class="stacktrace">java.lang.NullPointerException: Cannot invoke &quot;org.openqa.selenium.WebElement.findElement(org.openqa.selenium.By)&quot; because &quot;prod&quot; is null
	at Kane.SeleniumJavaFramework.pageobjects.ProductCatalogue.addProductToCart(ProductCatalogue.java:52)
	at Kane.SeleniumJavaFramework.tests.SubmitOrderTest.endToendTest(SubmitOrderTest.java:32)
	at java.base/java.util.ArrayList.forEach(ArrayList.java:1596)
	at java.base/java.util.concurrent.FutureTask.run(FutureTask.java:317)
	at java.base/java.util.concurrent.ThreadPoolExecutor.runWorker(ThreadPoolExecutor.java:1144)
	at java.base/java.util.concurrent.ThreadPoolExecutor$Worker.run(ThreadPoolExecutor.java:642)
	at java.base/java.lang.Thread.run(Thread.java:1583)
... Removed 15 stack frames</div></td></tr></table><p class="totop"><a href="#summary">back to summary</a></p>
<h3 id="m3">Kane.SeleniumJavaFramework.tests.SubmitOrderTest#endToendTest</h3><table class="result"><tr class="param"><th>Parameter #1</th></tr><tr class="param stripe"><td>{productname=ADIDAS ORIGINAL, password=Kane@1213, email=Kane@gmail.com}</td></tr><tr><th>Exception</th></tr><tr><td><div class="stacktrace">org.openqa.selenium.ElementClickInterceptedException: element click intercepted: Element is not clickable at point (1173, 742)
  (Session info: chrome=133.0.6943.127)
Build info: version: &apos;4.26.0&apos;, revision: &apos;8ccf0219d7&apos;
System info: os.name: &apos;Windows 11&apos;, os.arch: &apos;amd64&apos;, os.version: &apos;10.0&apos;, java.version: &apos;21.0.2&apos;
Driver info: org.openqa.selenium.chrome.ChromeDriver
Command: [e8218671d617d96d00506d5d212ec175, clickElement {id=f.33162FFC188ACCF771EACC1A393EE01C.d.4099D646180977A522F9375E57E1B333.e.107}]
Capabilities {acceptInsecureCerts: false, browserName: chrome, browserVersion: 133.0.6943.127, chrome: {chromedriverVersion: 133.0.6943.126 (cffa127ce7b..., userDataDir: C:\Users\nsrkp\AppData\Loca...}, fedcm:accounts: true, goog:chromeOptions: {debuggerAddress: localhost:52977}, networkConnectionEnabled: false, pageLoadStrategy: normal, platformName: windows, proxy: Proxy(), se:cdp: ws://localhost:52977/devtoo..., se:cdpVersion: 133.0.6943.127, setWindowRect: true, strictFileInteractability: false, timeouts: {implicit: 0, pageLoad: 300000, script: 30000}, unhandledPromptBehavior: dismiss and notify, webauthn:extension:credBlob: true, webauthn:extension:largeBlob: true, webauthn:extension:minPinLength: true, webauthn:extension:prf: true, webauthn:virtualAuthenticators: true}
Element: [[ChromeDriver: chrome on windows (e8218671d617d96d00506d5d212ec175)] -&gt; css selector: .totalRow button]
Session ID: e8218671d617d96d00506d5d212ec175
	at org.openqa.selenium.remote.ErrorCodec.decode(ErrorCodec.java:167)
	at org.openqa.selenium.remote.codec.w3c.W3CHttpResponseCodec.decode(W3CHttpResponseCodec.java:138)
	at org.openqa.selenium.remote.codec.w3c.W3CHttpResponseCodec.decode(W3CHttpResponseCodec.java:50)
	at org.openqa.selenium.remote.HttpCommandExecutor.execute(HttpCommandExecutor.java:190)
	at org.openqa.selenium.remote.service.DriverCommandExecutor.invokeExecute(DriverCommandExecutor.java:216)
	at org.openqa.selenium.remote.service.DriverCommandExecutor.execute(DriverCommandExecutor.java:174)
	at org.openqa.selenium.remote.RemoteWebDriver.execute(RemoteWebDriver.java:545)
	at org.openqa.selenium.remote.RemoteWebElement.execute(RemoteWebElement.java:223)
	at org.openqa.selenium.remote.RemoteWebElement.click(RemoteWebElement.java:76)
	at org.openqa.selenium.support.pagefactory.internal.LocatingElementHandler.invoke(LocatingElementHandler.java:51)
	at jdk.proxy2/jdk.proxy2.$Proxy13.click(Unknown Source)
	at Kane.SeleniumJavaFramework.pageobjects.CartPage.goToCheckout(CartPage.java:35)
	at Kane.SeleniumJavaFramework.tests.SubmitOrderTest.endToendTest(SubmitOrderTest.java:37)
	at java.base/java.util.ArrayList.forEach(ArrayList.java:1596)
	at java.base/java.util.concurrent.FutureTask.run(FutureTask.java:317)
	at java.base/java.util.concurrent.ThreadPoolExecutor.runWorker(ThreadPoolExecutor.java:1144)
	at java.base/java.util.concurrent.ThreadPoolExecutor$Worker.run(ThreadPoolExecutor.java:642)
	at java.base/java.lang.Thread.run(Thread.java:1583)
... Removed 20 stack frames</div></td></tr></table><p class="totop"><a href="#summary">back to summary</a></p>
<h3 id="m4">Kane.SeleniumJavaFramework.tests.SubmitOrderTest#endToendTest</h3><table class="result"><tr class="param"><th>Parameter #1</th></tr><tr class="param stripe"><td>{productname=ZARA COAT 3, password=Kane@1213, email=Kane@gmail.com}</td></tr><tr><th>Exception</th></tr><tr><td><div class="stacktrace">java.lang.AssertionError: expected [true] but found [false]
	at Kane.SeleniumJavaFramework.tests.SubmitOrderTest.endToendTest(SubmitOrderTest.java:36)
	at java.base/java.util.ArrayList.forEach(ArrayList.java:1596)
	at java.base/java.util.concurrent.FutureTask.run(FutureTask.java:317)
	at java.base/java.util.concurrent.ThreadPoolExecutor.runWorker(ThreadPoolExecutor.java:1144)
	at java.base/java.util.concurrent.ThreadPoolExecutor$Worker.run(ThreadPoolExecutor.java:642)
	at java.base/java.lang.Thread.run(Thread.java:1583)
... Removed 19 stack frames</div></td></tr></table><p class="totop"><a href="#summary">back to summary</a></p>
<h3 id="m5">Kane.SeleniumJavaFramework.tests.SubmitOrderTest#endToendTest</h3><table class="result"><tr class="param"><th>Parameter #1</th></tr><tr class="param stripe"><td>{productname=QWERTY, password=Kane@1213, email=Kane@gmail.com}</td></tr><tr><th>Exception</th></tr><tr><td><div class="stacktrace">java.lang.NullPointerException: Cannot invoke &quot;org.openqa.selenium.WebElement.findElement(org.openqa.selenium.By)&quot; because &quot;prod&quot; is null
	at Kane.SeleniumJavaFramework.pageobjects.ProductCatalogue.addProductToCart(ProductCatalogue.java:52)
	at Kane.SeleniumJavaFramework.tests.SubmitOrderTest.endToendTest(SubmitOrderTest.java:32)
	at java.base/java.util.ArrayList.forEach(ArrayList.java:1596)
	at java.base/java.util.concurrent.FutureTask.run(FutureTask.java:317)
	at java.base/java.util.concurrent.ThreadPoolExecutor.runWorker(ThreadPoolExecutor.java:1144)
	at java.base/java.util.concurrent.ThreadPoolExecutor$Worker.run(ThreadPoolExecutor.java:642)
	at java.base/java.lang.Thread.run(Thread.java:1583)
... Removed 15 stack frames</div></td></tr></table><p class="totop"><a href="#summary">back to summary</a></p>
<h3 id="m6">Kane.SeleniumJavaFramework.tests.SubmitOrderTest#endToendTest</h3><table class="result"><tr class="param"><th>Parameter #1</th></tr><tr class="param stripe"><td>{productname=ZARA COAT 3, password=Kane@1213, email=Kane@gmail.com}</td></tr><tr><th>Exception</th></tr><tr><td><div class="stacktrace">java.lang.AssertionError: expected [true] but found [false]
	at Kane.SeleniumJavaFramework.tests.SubmitOrderTest.endToendTest(SubmitOrderTest.java:36)
	at java.base/java.util.ArrayList.forEach(ArrayList.java:1596)
	at java.base/java.util.concurrent.FutureTask.run(FutureTask.java:317)
	at java.base/java.util.concurrent.ThreadPoolExecutor.runWorker(ThreadPoolExecutor.java:1144)
	at java.base/java.util.concurrent.ThreadPoolExecutor$Worker.run(ThreadPoolExecutor.java:642)
	at java.base/java.lang.Thread.run(Thread.java:1583)
... Removed 19 stack frames</div></td></tr></table><p class="totop"><a href="#summary">back to summary</a></p>
<h3 id="m7">Kane.SeleniumJavaFramework.tests.SubmitOrderTest#endToendTest</h3><table class="result"><tr class="param"><th>Parameter #1</th></tr><tr class="param stripe"><td>{productname=ADIDAS ORIGINAL, password=Kane@1213, email=Kane@gmail.com}</td></tr><tr><th>Exception</th></tr><tr><td><div class="stacktrace">java.lang.AssertionError: expected [true] but found [false]
	at Kane.SeleniumJavaFramework.tests.SubmitOrderTest.endToendTest(SubmitOrderTest.java:36)
	at java.base/java.util.ArrayList.forEach(ArrayList.java:1596)
	at java.base/java.util.concurrent.FutureTask.run(FutureTask.java:317)
	at java.base/java.util.concurrent.ThreadPoolExecutor.runWorker(ThreadPoolExecutor.java:1144)
	at java.base/java.util.concurrent.ThreadPoolExecutor$Worker.run(ThreadPoolExecutor.java:642)
	at java.base/java.lang.Thread.run(Thread.java:1583)
... Removed 19 stack frames</div></td></tr></table><p class="totop"><a href="#summary">back to summary</a></p>
<h3 id="m8">Kane.SeleniumJavaFramework.tests.SubmitOrderTest#endToendTest</h3><table class="result"><tr class="param"><th>Parameter #1</th></tr><tr class="param stripe"><td>{productname=IPHONE 13 PRO, password=Kane@1213, email=Kane@gmail.com}</td></tr></table><p class="totop"><a href="#summary">back to summary</a></p>
</body>
</html>
