<?xml version="1.0" encoding="UTF-8"?>
<!-- Generated by org.testng.reporters.JUnitReportReporter -->
<testsuite hostname="NIRMAL-RAWAT" failures="0" tests="2" name="Kane.SeleniumJavaFramework.cucumber.TestNGTestRunner" time="12.606" errors="1" timestamp="2025-02-04T09:11:13 IST" skipped="0">
  <testcase classname="Kane.SeleniumJavaFramework.cucumber.TestNGTestRunner" name="runScenario" time="7.540"/>
  <testcase classname="Kane.SeleniumJavaFramework.cucumber.TestNGTestRunner" name="runScenario" time="5.066">
    <error message="Cannot invoke &quot;org.openqa.selenium.WebElement.findElement(org.openqa.selenium.By)&quot; because &quot;prod&quot; is null" type="java.lang.NullPointerException">
      <![CDATA[java.lang.NullPointerException: Cannot invoke "org.openqa.selenium.WebElement.findElement(org.openqa.selenium.By)" because "prod" is null
at Kane.SeleniumJavaFramework.pageobjects.ProductCatalogue.addProductToCart(ProductCatalogue.java:52)
at Kane.SeleniumJavaFramework.stepDefinition.StepDefinitonImp.i_add_product_to_cart(StepDefinitonImp.java:36)
at âœ½.I add the product ZARA COAT 3 to the cart(file:///D:/eclipse/SeleniumJavaFramework/src/test/java/Kane/SeleniumJavaFramework/cucumber/SubmitOrder.feature:13)
]]>
    </error>
  </testcase> <!-- runScenario -->
</testsuite> <!-- Kane.SeleniumJavaFramework.cucumber.TestNGTestRunner -->
